# JRE version: OpenJDK Runtime Environment (17.0.6) (build 17.0.6+0-b2043.56-10027231)
# Java VM: OpenJDK 64-Bit Server VM (17.0.6+0-b2043.56-10027231, mixed mode, tiered, compressed oops, compressed class ptrs, g1 gc, windows-amd64)
GC Precious Log:
 CPUs: 8 total, 8 available
 Memory: 6081M
 Large Page Support: Disabled
 NUMA Support: Disabled
 Compressed Oops: Enabled (32-bit)
 Heap Region Size: 1M
 Heap Min Capacity: 8M
 Heap Initial Capacity: 96M
 Heap Max Capacity: 2G
 Pre-touch: Disabled
 Parallel Workers: 8
 Concurrent Workers: 2
 Concurrent Refinement Workers: 8
 Periodic GC: Disabled
Heap:
 garbage-first heap   total 253952K, used 198211K [0x0000000080000000, 0x0000000100000000)
  region size 1024K, 5 young (5120K), 1 survivors (1024K)
 Metaspace       used 113147K, committed 113792K, reserved 1155072K
  class space    used 14834K, committed 15168K, reserved 1048576K
GC Heap History (20 events):
Event: 47.849 GC heap before
{Heap before GC invocations=39 (full 0):
 garbage-first heap   total 253952K, used 202838K [0x0000000080000000, 0x0000000100000000)
  region size 1024K, 60 young (61440K), 5 survivors (5120K)
 Metaspace       used 103080K, committed 103744K, reserved 1138688K
  class space    used 13548K, committed 13888K, reserved 1048576K
}
Event: 47.862 GC heap after
{Heap after GC invocations=40 (full 0):
 garbage-first heap   total 253952K, used 151206K [0x0000000080000000, 0x0000000100000000)
  region size 1024K, 8 young (8192K), 8 survivors (8192K)
 Metaspace       used 103080K, committed 103744K, reserved 1138688K
  class space    used 13548K, committed 13888K, reserved 1048576K
}
Event: 49.094 GC heap before
{Heap before GC invocations=40 (full 0):
 garbage-first heap   total 253952K, used 205478K [0x0000000080000000, 0x0000000100000000)
  region size 1024K, 62 young (63488K), 8 survivors (8192K)
 Metaspace       used 103951K, committed 104704K, reserved 1146880K
  class space    used 13667K, committed 14016K, reserved 1048576K
}
Event: 49.109 GC heap after
{Heap after GC invocations=41 (full 0):
 garbage-first heap   total 253952K, used 153722K [0x0000000080000000, 0x0000000100000000)
  region size 1024K, 5 young (5120K), 5 survivors (5120K)
 Metaspace       used 103951K, committed 104704K, reserved 1146880K
  class space    used 13667K, committed 14016K, reserved 1048576K
}
Event: 51.676 GC heap before
{Heap before GC invocations=41 (full 0):
 garbage-first heap   total 253952K, used 206970K [0x0000000080000000, 0x0000000100000000)
  region size 1024K, 58 young (59392K), 5 survivors (5120K)
 Metaspace       used 107504K, committed 108224K, reserved 1146880K
  class space    used 14137K, committed 14464K, reserved 1048576K
}
Event: 51.700 GC heap after
{Heap after GC invocations=42 (full 0):
 garbage-first heap   total 253952K, used 158172K [0x0000000080000000, 0x0000000100000000)
  region size 1024K, 6 young (6144K), 6 survivors (6144K)
 Metaspace       used 107504K, committed 108224K, reserved 1146880K
  class space    used 14137K, committed 14464K, reserved 1048576K
}
Event: 59.519 GC heap before
{Heap before GC invocations=42 (full 0):
 garbage-first heap   total 253952K, used 209372K [0x0000000080000000, 0x0000000100000000)
  region size 1024K, 56 young (57344K), 6 survivors (6144K)
 Metaspace       used 108352K, committed 108992K, reserved 1146880K
  class space    used 14233K, committed 14528K, reserved 1048576K
}
Event: 59.550 GC heap after
{Heap after GC invocations=43 (full 0):
 garbage-first heap   total 253952K, used 167473K [0x0000000080000000, 0x0000000100000000)
  region size 1024K, 7 young (7168K), 7 survivors (7168K)
 Metaspace       used 108352K, committed 108992K, reserved 1146880K
  class space    used 14233K, committed 14528K, reserved 1048576K
}
Event: 60.351 GC heap before
{Heap before GC invocations=43 (full 0):
 garbage-first heap   total 253952K, used 208433K [0x0000000080000000, 0x0000000100000000)
  region size 1024K, 48 young (49152K), 7 survivors (7168K)
 Metaspace       used 108752K, committed 109376K, reserved 1146880K
  class space    used 14289K, committed 14592K, reserved 1048576K
}
Event: 60.363 GC heap after
{Heap after GC invocations=44 (full 0):
 garbage-first heap   total 253952K, used 169538K [0x0000000080000000, 0x0000000100000000)
  region size 1024K, 3 young (3072K), 3 survivors (3072K)
 Metaspace       used 108752K, committed 109376K, reserved 1146880K
  class space    used 14289K, committed 14592K, reserved 1048576K
}
Event: 61.629 GC heap before
{Heap before GC invocations=44 (full 0):
 garbage-first heap   total 253952K, used 211522K [0x0000000080000000, 0x0000000100000000)
  region size 1024K, 45 young (46080K), 3 survivors (3072K)
 Metaspace       used 111232K, committed 111936K, reserved 1146880K
  class space    used 14567K, committed 14912K, reserved 1048576K
}
Event: 61.640 GC heap after
{Heap after GC invocations=45 (full 0):
 garbage-first heap   total 253952K, used 173481K [0x0000000080000000, 0x0000000100000000)
  region size 1024K, 6 young (6144K), 6 survivors (6144K)
 Metaspace       used 111232K, committed 111936K, reserved 1146880K
  class space    used 14567K, committed 14912K, reserved 1048576K
}
Event: 62.609 GC heap before
{Heap before GC invocations=45 (full 0):
 garbage-first heap   total 253952K, used 212393K [0x0000000080000000, 0x0000000100000000)
  region size 1024K, 45 young (46080K), 6 survivors (6144K)
 Metaspace       used 111717K, committed 112448K, reserved 1146880K
  class space    used 14623K, committed 14976K, reserved 1048576K
}
Event: 62.621 GC heap after
{Heap after GC invocations=46 (full 0):
 garbage-first heap   total 253952K, used 176251K [0x0000000080000000, 0x0000000100000000)
  region size 1024K, 4 young (4096K), 4 survivors (4096K)
 Metaspace       used 111717K, committed 112448K, reserved 1146880K
  class space    used 14623K, committed 14976K, reserved 1048576K
}
Event: 62.958 GC heap before
{Heap before GC invocations=46 (full 0):
 garbage-first heap   total 253952K, used 201851K [0x0000000080000000, 0x0000000100000000)
  region size 1024K, 10 young (10240K), 4 survivors (4096K)
 Metaspace       used 112619K, committed 113344K, reserved 1146880K
  class space    used 14751K, committed 15104K, reserved 1048576K
}
Event: 62.967 GC heap after
{Heap after GC invocations=47 (full 0):
 garbage-first heap   total 253952K, used 197213K [0x0000000080000000, 0x0000000100000000)
  region size 1024K, 4 young (4096K), 4 survivors (4096K)
 Metaspace       used 112619K, committed 113344K, reserved 1146880K
  class space    used 14751K, committed 15104K, reserved 1048576K
}
Event: 62.978 GC heap before
{Heap before GC invocations=47 (full 0):
 garbage-first heap   total 253952K, used 207453K [0x0000000080000000, 0x0000000100000000)
  region size 1024K, 5 young (5120K), 4 survivors (4096K)
 Metaspace       used 112619K, committed 113344K, reserved 1146880K
  class space    used 14751K, committed 15104K, reserved 1048576K
}
Event: 62.983 GC heap after
{Heap after GC invocations=48 (full 0):
 garbage-first heap   total 253952K, used 203599K [0x0000000080000000, 0x0000000100000000)
  region size 1024K, 1 young (1024K), 1 survivors (1024K)
 Metaspace       used 112619K, committed 113344K, reserved 1146880K
  class space    used 14751K, committed 15104K, reserved 1048576K
}
Event: 62.985 GC heap before
{Heap before GC invocations=48 (full 0):
 garbage-first heap   total 253952K, used 205647K [0x0000000080000000, 0x0000000100000000)
  region size 1024K, 2 young (2048K), 1 survivors (1024K)
 Metaspace       used 112619K, committed 113344K, reserved 1146880K
  class space    used 14751K, committed 15104K, reserved 1048576K
}
Event: 62.988 GC heap after
{Heap after GC invocations=49 (full 0):
 garbage-first heap   total 253952K, used 203331K [0x0000000080000000, 0x0000000100000000)
  region size 1024K, 1 young (1024K), 1 survivors (1024K)
 Metaspace       used 112619K, committed 113344K, reserved 1146880K
  class space    used 14751K, committed 15104K, reserved 1048576K
}

