# JRE version: OpenJDK Runtime Environment (17.0.6) (build 17.0.6+0-b2043.56-10027231)
# Java VM: OpenJDK 64-Bit Server VM (17.0.6+0-b2043.56-10027231, mixed mode, tiered, compressed oops, compressed class ptrs, g1 gc, windows-amd64)
GC Precious Log:
 CPUs: 8 total, 8 available
 Memory: 6081M
 Large Page Support: Disabled
 NUMA Support: Disabled
 Compressed Oops: Enabled (32-bit)
 Heap Region Size: 1M
 Heap Min Capacity: 8M
 Heap Initial Capacity: 96M
 Heap Max Capacity: 2G
 Pre-touch: Disabled
 Parallel Workers: 8
 Concurrent Workers: 2
 Concurrent Refinement Workers: 8
 Periodic GC: Disabled
Heap:
 garbage-first heap   total 304128K, used 149239K [0x0000000080000000, 0x0000000100000000)
  region size 1024K, 3 young (3072K), 3 survivors (3072K)
 Metaspace       used 117647K, committed 118528K, reserved 1155072K
  class space    used 15240K, committed 15680K, reserved 1048576K
GC Heap History (20 events):
Event: 66.491 GC heap after
{Heap after GC invocations=63 (full 0):
 garbage-first heap   total 225280K, used 165602K [0x0000000080000000, 0x0000000100000000)
  region size 1024K, 2 young (2048K), 2 survivors (2048K)
 Metaspace       used 104158K, committed 104832K, reserved 1146880K
  class space    used 13912K, committed 14208K, reserved 1048576K
}
Event: 67.396 GC heap before
{Heap before GC invocations=64 (full 0):
 garbage-first heap   total 304128K, used 198370K [0x0000000080000000, 0x0000000100000000)
  region size 1024K, 23 young (23552K), 2 survivors (2048K)
 Metaspace       used 107792K, committed 108480K, reserved 1146880K
  class space    used 14312K, committed 14656K, reserved 1048576K
}
Event: 67.403 GC heap after
{Heap after GC invocations=65 (full 0):
 garbage-first heap   total 304128K, used 141028K [0x0000000080000000, 0x0000000100000000)
  region size 1024K, 2 young (2048K), 2 survivors (2048K)
 Metaspace       used 107792K, committed 108480K, reserved 1146880K
  class space    used 14312K, committed 14656K, reserved 1048576K
}
Event: 288.256 GC heap before
{Heap before GC invocations=65 (full 0):
 garbage-first heap   total 304128K, used 152292K [0x0000000080000000, 0x0000000100000000)
  region size 1024K, 14 young (14336K), 2 survivors (2048K)
 Metaspace       used 109067K, committed 109824K, reserved 1146880K
  class space    used 14394K, committed 14784K, reserved 1048576K
}
Event: 288.448 GC heap after
{Heap after GC invocations=66 (full 0):
 garbage-first heap   total 304128K, used 136978K [0x0000000080000000, 0x0000000100000000)
  region size 1024K, 2 young (2048K), 2 survivors (2048K)
 Metaspace       used 109067K, committed 109824K, reserved 1146880K
  class space    used 14394K, committed 14784K, reserved 1048576K
}
Event: 292.992 GC heap before
{Heap before GC invocations=66 (full 0):
 garbage-first heap   total 304128K, used 211730K [0x0000000080000000, 0x0000000100000000)
  region size 1024K, 76 young (77824K), 2 survivors (2048K)
 Metaspace       used 109886K, committed 110720K, reserved 1146880K
  class space    used 14449K, committed 14848K, reserved 1048576K
}
Event: 293.064 GC heap after
{Heap after GC invocations=67 (full 0):
 garbage-first heap   total 304128K, used 146039K [0x0000000080000000, 0x0000000100000000)
  region size 1024K, 11 young (11264K), 11 survivors (11264K)
 Metaspace       used 109886K, committed 110720K, reserved 1146880K
  class space    used 14449K, committed 14848K, reserved 1048576K
}
Event: 296.033 GC heap before
{Heap before GC invocations=68 (full 0):
 garbage-first heap   total 304128K, used 267895K [0x0000000080000000, 0x0000000100000000)
  region size 1024K, 100 young (102400K), 11 survivors (11264K)
 Metaspace       used 114019K, committed 114752K, reserved 1155072K
  class space    used 14899K, committed 15232K, reserved 1048576K
}
Event: 296.168 GC heap after
{Heap after GC invocations=69 (full 0):
 garbage-first heap   total 304128K, used 148209K [0x0000000080000000, 0x0000000100000000)
  region size 1024K, 3 young (3072K), 3 survivors (3072K)
 Metaspace       used 114019K, committed 114752K, reserved 1155072K
  class space    used 14899K, committed 15232K, reserved 1048576K
}
Event: 296.357 GC heap before
{Heap before GC invocations=69 (full 0):
 garbage-first heap   total 304128K, used 158449K [0x0000000080000000, 0x0000000100000000)
  region size 1024K, 14 young (14336K), 3 survivors (3072K)
 Metaspace       used 115767K, committed 116480K, reserved 1155072K
  class space    used 15083K, committed 15424K, reserved 1048576K
}
Event: 296.385 GC heap after
{Heap after GC invocations=70 (full 0):
 garbage-first heap   total 304128K, used 145545K [0x0000000080000000, 0x0000000100000000)
  region size 1024K, 2 young (2048K), 2 survivors (2048K)
 Metaspace       used 115767K, committed 116480K, reserved 1155072K
  class space    used 15083K, committed 15424K, reserved 1048576K
}
Event: 306.657 GC heap before
{Heap before GC invocations=70 (full 0):
 garbage-first heap   total 304128K, used 249993K [0x0000000080000000, 0x0000000100000000)
  region size 1024K, 104 young (106496K), 2 survivors (2048K)
 Metaspace       used 116937K, committed 117760K, reserved 1155072K
  class space    used 15203K, committed 15616K, reserved 1048576K
}
Event: 306.700 GC heap after
{Heap after GC invocations=71 (full 0):
 garbage-first heap   total 304128K, used 152267K [0x0000000080000000, 0x0000000100000000)
  region size 1024K, 9 young (9216K), 9 survivors (9216K)
 Metaspace       used 116937K, committed 117760K, reserved 1155072K
  class space    used 15203K, committed 15616K, reserved 1048576K
}
Event: 1017.445 GC heap before
{Heap before GC invocations=72 (full 0):
 garbage-first heap   total 304128K, used 281291K [0x0000000080000000, 0x0000000100000000)
  region size 1024K, 101 young (103424K), 9 survivors (9216K)
 Metaspace       used 117620K, committed 118464K, reserved 1155072K
  class space    used 15240K, committed 15680K, reserved 1048576K
}
Event: 1017.875 GC heap after
{Heap after GC invocations=73 (full 0):
 garbage-first heap   total 304128K, used 155135K [0x0000000080000000, 0x0000000100000000)
  region size 1024K, 9 young (9216K), 9 survivors (9216K)
 Metaspace       used 117620K, committed 118464K, reserved 1155072K
  class space    used 15240K, committed 15680K, reserved 1048576K
}
Event: 1019.088 GC heap before
{Heap before GC invocations=73 (full 0):
 garbage-first heap   total 304128K, used 159231K [0x0000000080000000, 0x0000000100000000)
  region size 1024K, 14 young (14336K), 9 survivors (9216K)
 Metaspace       used 117622K, committed 118528K, reserved 1155072K
  class space    used 15240K, committed 15680K, reserved 1048576K
}
Event: 1019.385 GC heap after
{Heap after GC invocations=74 (full 0):
 garbage-first heap   total 304128K, used 149677K [0x0000000080000000, 0x0000000100000000)
  region size 1024K, 2 young (2048K), 2 survivors (2048K)
 Metaspace       used 117622K, committed 118528K, reserved 1155072K
  class space    used 15240K, committed 15680K, reserved 1048576K
}
Event: 1020.761 GC heap before
{Heap before GC invocations=74 (full 0):
 garbage-first heap   total 304128K, used 161965K [0x0000000080000000, 0x0000000100000000)
  region size 1024K, 14 young (14336K), 2 survivors (2048K)
 Metaspace       used 117639K, committed 118528K, reserved 1155072K
  class space    used 15240K, committed 15680K, reserved 1048576K
}
Event: 1020.807 GC heap after
{Heap after GC invocations=75 (full 0):
 garbage-first heap   total 304128K, used 148349K [0x0000000080000000, 0x0000000100000000)
  region size 1024K, 2 young (2048K), 2 survivors (2048K)
 Metaspace       used 117639K, committed 118528K, reserved 1155072K
  class space    used 15240K, committed 15680K, reserved 1048576K
}
Event: 1021.286 GC heap before
{Heap before GC invocations=75 (full 0):
 garbage-first heap   total 304128K, used 158589K [0x0000000080000000, 0x0000000100000000)
  region size 1024K, 13 young (13312K), 2 survivors (2048K)
 Metaspace       used 117647K, committed 118528K, reserved 1155072K
  class space    used 15240K, committed 15680K, reserved 1048576K
}

