# JRE version: OpenJDK Runtime Environment (17.0.6) (build 17.0.6+0-b2043.56-10027231)
# Java VM: OpenJDK 64-Bit Server VM (17.0.6+0-b2043.56-10027231, mixed mode, tiered, compressed oops, compressed class ptrs, g1 gc, windows-amd64)
GC Precious Log:
 CPUs: 8 total, 8 available
 Memory: 6081M
 Large Page Support: Disabled
 NUMA Support: Disabled
 Compressed Oops: Enabled (32-bit)
 Heap Region Size: 1M
 Heap Min Capacity: 8M
 Heap Initial Capacity: 96M
 Heap Max Capacity: 2G
 Pre-touch: Disabled
 Parallel Workers: 8
 Concurrent Workers: 2
 Concurrent Refinement Workers: 8
 Periodic GC: Disabled
Heap:
 garbage-first heap   total 421888K, used 165389K [0x0000000080000000, 0x0000000100000000)
  region size 1024K, 9 young (9216K), 9 survivors (9216K)
 Metaspace       used 125420K, committed 126976K, reserved 1163264K
  class space    used 16248K, committed 16960K, reserved 1048576K
GC Heap History (20 events):
Event: 676.812 GC heap after
{Heap after GC invocations=102 (full 0):
 garbage-first heap   total 421888K, used 172239K [0x0000000080000000, 0x0000000100000000)
  region size 1024K, 2 young (2048K), 2 survivors (2048K)
 Metaspace       used 123805K, committed 124928K, reserved 1163264K
  class space    used 16019K, committed 16576K, reserved 1048576K
}
Event: 676.931 GC heap before
{Heap before GC invocations=102 (full 0):
 garbage-first heap   total 421888K, used 184527K [0x0000000080000000, 0x0000000100000000)
  region size 1024K, 16 young (16384K), 2 survivors (2048K)
 Metaspace       used 123808K, committed 124928K, reserved 1163264K
  class space    used 16019K, committed 16576K, reserved 1048576K
}
Event: 676.934 GC heap after
{Heap after GC invocations=103 (full 0):
 garbage-first heap   total 421888K, used 172262K [0x0000000080000000, 0x0000000100000000)
  region size 1024K, 2 young (2048K), 2 survivors (2048K)
 Metaspace       used 123808K, committed 124928K, reserved 1163264K
  class space    used 16019K, committed 16576K, reserved 1048576K
}
Event: 703.741 GC heap before
{Heap before GC invocations=104 (full 0):
 garbage-first heap   total 421888K, used 385254K [0x0000000080000000, 0x0000000100000000)
  region size 1024K, 145 young (148480K), 2 survivors (2048K)
 Metaspace       used 124370K, committed 125632K, reserved 1163264K
  class space    used 16106K, committed 16704K, reserved 1048576K
}
Event: 703.791 GC heap after
{Heap after GC invocations=105 (full 0):
 garbage-first heap   total 421888K, used 168867K [0x0000000080000000, 0x0000000100000000)
  region size 1024K, 12 young (12288K), 12 survivors (12288K)
 Metaspace       used 124370K, committed 125632K, reserved 1163264K
  class space    used 16106K, committed 16704K, reserved 1048576K
}
Event: 703.857 GC heap before
{Heap before GC invocations=105 (full 0):
 garbage-first heap   total 421888K, used 177059K [0x0000000080000000, 0x0000000100000000)
  region size 1024K, 20 young (20480K), 12 survivors (12288K)
 Metaspace       used 124433K, committed 125760K, reserved 1163264K
  class space    used 16125K, committed 16768K, reserved 1048576K
}
Event: 703.892 GC heap after
{Heap after GC invocations=106 (full 0):
 garbage-first heap   total 421888K, used 161912K [0x0000000080000000, 0x0000000100000000)
  region size 1024K, 2 young (2048K), 2 survivors (2048K)
 Metaspace       used 124433K, committed 125760K, reserved 1163264K
  class space    used 16125K, committed 16768K, reserved 1048576K
}
Event: 707.254 GC heap before
{Heap before GC invocations=106 (full 0):
 garbage-first heap   total 421888K, used 283768K [0x0000000080000000, 0x0000000100000000)
  region size 1024K, 123 young (125952K), 2 survivors (2048K)
 Metaspace       used 124857K, committed 126400K, reserved 1163264K
  class space    used 16234K, committed 16960K, reserved 1048576K
}
Event: 707.264 GC heap after
{Heap after GC invocations=107 (full 0):
 garbage-first heap   total 421888K, used 169072K [0x0000000080000000, 0x0000000100000000)
  region size 1024K, 9 young (9216K), 9 survivors (9216K)
 Metaspace       used 124857K, committed 126400K, reserved 1163264K
  class space    used 16234K, committed 16960K, reserved 1048576K
}
Event: 811.467 GC heap before
{Heap before GC invocations=108 (full 0):
 garbage-first heap   total 421888K, used 390256K [0x0000000080000000, 0x0000000100000000)
  region size 1024K, 151 young (154624K), 9 survivors (9216K)
 Metaspace       used 125071K, committed 126592K, reserved 1163264K
  class space    used 16241K, committed 16960K, reserved 1048576K
}
Event: 811.499 GC heap after
{Heap after GC invocations=109 (full 0):
 garbage-first heap   total 421888K, used 171643K [0x0000000080000000, 0x0000000100000000)
  region size 1024K, 15 young (15360K), 15 survivors (15360K)
 Metaspace       used 125071K, committed 126592K, reserved 1163264K
  class space    used 16241K, committed 16960K, reserved 1048576K
}
Event: 811.514 GC heap before
{Heap before GC invocations=109 (full 0):
 garbage-first heap   total 421888K, used 176763K [0x0000000080000000, 0x0000000100000000)
  region size 1024K, 20 young (20480K), 15 survivors (15360K)
 Metaspace       used 125071K, committed 126592K, reserved 1163264K
  class space    used 16241K, committed 16960K, reserved 1048576K
}
Event: 811.580 GC heap after
{Heap after GC invocations=110 (full 0):
 garbage-first heap   total 421888K, used 157068K [0x0000000080000000, 0x0000000100000000)
  region size 1024K, 2 young (2048K), 2 survivors (2048K)
 Metaspace       used 125071K, committed 126592K, reserved 1163264K
  class space    used 16241K, committed 16960K, reserved 1048576K
}
Event: 814.439 GC heap before
{Heap before GC invocations=110 (full 0):
 garbage-first heap   total 421888K, used 279948K [0x0000000080000000, 0x0000000100000000)
  region size 1024K, 124 young (126976K), 2 survivors (2048K)
 Metaspace       used 125138K, committed 126656K, reserved 1163264K
  class space    used 16248K, committed 16960K, reserved 1048576K
}
Event: 814.455 GC heap after
{Heap after GC invocations=111 (full 0):
 garbage-first heap   total 421888K, used 164065K [0x0000000080000000, 0x0000000100000000)
  region size 1024K, 9 young (9216K), 9 survivors (9216K)
 Metaspace       used 125138K, committed 126656K, reserved 1163264K
  class space    used 16248K, committed 16960K, reserved 1048576K
}
Event: 909.640 GC heap before
{Heap before GC invocations=112 (full 0):
 garbage-first heap   total 421888K, used 393441K [0x0000000080000000, 0x0000000100000000)
  region size 1024K, 156 young (159744K), 9 survivors (9216K)
 Metaspace       used 125394K, committed 126912K, reserved 1163264K
  class space    used 16248K, committed 16960K, reserved 1048576K
}
Event: 909.735 GC heap after
{Heap after GC invocations=113 (full 0):
 garbage-first heap   total 421888K, used 169483K [0x0000000080000000, 0x0000000100000000)
  region size 1024K, 14 young (14336K), 14 survivors (14336K)
 Metaspace       used 125394K, committed 126912K, reserved 1163264K
  class space    used 16248K, committed 16960K, reserved 1048576K
}
Event: 909.923 GC heap before
{Heap before GC invocations=113 (full 0):
 garbage-first heap   total 421888K, used 175627K [0x0000000080000000, 0x0000000100000000)
  region size 1024K, 20 young (20480K), 14 survivors (14336K)
 Metaspace       used 125395K, committed 126912K, reserved 1163264K
  class space    used 16248K, committed 16960K, reserved 1048576K
}
Event: 910.050 GC heap after
{Heap after GC invocations=114 (full 0):
 garbage-first heap   total 421888K, used 158999K [0x0000000080000000, 0x0000000100000000)
  region size 1024K, 2 young (2048K), 2 survivors (2048K)
 Metaspace       used 125395K, committed 126912K, reserved 1163264K
  class space    used 16248K, committed 16960K, reserved 1048576K
}
Event: 912.970 GC heap before
{Heap before GC invocations=114 (full 0):
 garbage-first heap   total 421888K, used 274711K [0x0000000080000000, 0x0000000100000000)
  region size 1024K, 117 young (119808K), 2 survivors (2048K)
 Metaspace       used 125420K, committed 126976K, reserved 1163264K
  class space    used 16248K, committed 16960K, reserved 1048576K
}

