# JRE version: OpenJDK Runtime Environment (17.0.6) (build 17.0.6+0-b2043.56-10027231)
# Java VM: OpenJDK 64-Bit Server VM (17.0.6+0-b2043.56-10027231, mixed mode, tiered, compressed oops, compressed class ptrs, g1 gc, windows-amd64)
GC Precious Log:
 CPUs: 8 total, 8 available
 Memory: 6081M
 Large Page Support: Disabled
 NUMA Support: Disabled
 Compressed Oops: Enabled (32-bit)
 Heap Region Size: 1M
 Heap Min Capacity: 8M
 Heap Initial Capacity: 96M
 Heap Max Capacity: 2G
 Pre-touch: Disabled
 Parallel Workers: 8
 Concurrent Workers: 2
 Concurrent Refinement Workers: 8
 Periodic GC: Disabled
Heap:
 garbage-first heap   total 375808K, used 202978K [0x0000000080000000, 0x0000000100000000)
  region size 1024K, 3 young (3072K), 3 survivors (3072K)
 Metaspace       used 167052K, committed 168256K, reserved 1196032K
  class space    used 22016K, committed 22592K, reserved 1048576K
GC Heap History (20 events):
Event: 931.396 GC heap after
{Heap after GC invocations=75 (full 0):
 garbage-first heap   total 329728K, used 167255K [0x0000000080000000, 0x0000000100000000)
  region size 1024K, 2 young (2048K), 2 survivors (2048K)
 Metaspace       used 155279K, committed 156160K, reserved 1187840K
  class space    used 20573K, committed 20992K, reserved 1048576K
}
Event: 946.485 GC heap before
{Heap before GC invocations=75 (full 0):
 garbage-first heap   total 329728K, used 275799K [0x0000000080000000, 0x0000000100000000)
  region size 1024K, 109 young (111616K), 2 survivors (2048K)
 Metaspace       used 156080K, committed 157184K, reserved 1187840K
  class space    used 20684K, committed 21184K, reserved 1048576K
}
Event: 946.556 GC heap after
{Heap after GC invocations=76 (full 0):
 garbage-first heap   total 329728K, used 172450K [0x0000000080000000, 0x0000000100000000)
  region size 1024K, 7 young (7168K), 7 survivors (7168K)
 Metaspace       used 156080K, committed 157184K, reserved 1187840K
  class space    used 20684K, committed 21184K, reserved 1048576K
}
Event: 1039.577 GC heap before
{Heap before GC invocations=77 (full 0):
 garbage-first heap   total 337920K, used 318882K [0x0000000080000000, 0x0000000100000000)
  region size 1024K, 108 young (110592K), 7 survivors (7168K)
 Metaspace       used 156596K, committed 157696K, reserved 1187840K
  class space    used 20722K, committed 21248K, reserved 1048576K
}
Event: 1039.620 GC heap after
{Heap after GC invocations=78 (full 0):
 garbage-first heap   total 337920K, used 177915K [0x0000000080000000, 0x0000000100000000)
  region size 1024K, 14 young (14336K), 14 survivors (14336K)
 Metaspace       used 156596K, committed 157696K, reserved 1187840K
  class space    used 20722K, committed 21248K, reserved 1048576K
}
Event: 1039.669 GC heap before
{Heap before GC invocations=78 (full 0):
 garbage-first heap   total 337920K, used 178939K [0x0000000080000000, 0x0000000100000000)
  region size 1024K, 16 young (16384K), 14 survivors (14336K)
 Metaspace       used 156598K, committed 157696K, reserved 1187840K
  class space    used 20722K, committed 21248K, reserved 1048576K
}
Event: 1039.774 GC heap after
{Heap after GC invocations=79 (full 0):
 garbage-first heap   total 337920K, used 159800K [0x0000000080000000, 0x0000000100000000)
  region size 1024K, 2 young (2048K), 2 survivors (2048K)
 Metaspace       used 156598K, committed 157696K, reserved 1187840K
  class space    used 20722K, committed 21248K, reserved 1048576K
}
Event: 1045.296 GC heap before
{Heap before GC invocations=79 (full 0):
 garbage-first heap   total 337920K, used 208952K [0x0000000080000000, 0x0000000100000000)
  region size 1024K, 52 young (53248K), 2 survivors (2048K)
 Metaspace       used 156758K, committed 157952K, reserved 1187840K
  class space    used 20737K, committed 21312K, reserved 1048576K
}
Event: 1045.306 GC heap after
{Heap after GC invocations=80 (full 0):
 garbage-first heap   total 337920K, used 160895K [0x0000000080000000, 0x0000000100000000)
  region size 1024K, 4 young (4096K), 4 survivors (4096K)
 Metaspace       used 156758K, committed 157952K, reserved 1187840K
  class space    used 20737K, committed 21312K, reserved 1048576K
}
Event: 2123.587 GC heap before
{Heap before GC invocations=81 (full 0):
 garbage-first heap   total 337920K, used 318591K [0x0000000080000000, 0x0000000100000000)
  region size 1024K, 103 young (105472K), 4 survivors (4096K)
 Metaspace       used 159233K, committed 160512K, reserved 1187840K
  class space    used 21125K, committed 21696K, reserved 1048576K
}
Event: 2123.770 GC heap after
{Heap after GC invocations=82 (full 0):
 garbage-first heap   total 337920K, used 202647K [0x0000000080000000, 0x0000000100000000)
  region size 1024K, 15 young (15360K), 15 survivors (15360K)
 Metaspace       used 159233K, committed 160512K, reserved 1187840K
  class space    used 21125K, committed 21696K, reserved 1048576K
}
Event: 2123.844 GC heap before
{Heap before GC invocations=82 (full 0):
 garbage-first heap   total 337920K, used 203671K [0x0000000080000000, 0x0000000100000000)
  region size 1024K, 16 young (16384K), 15 survivors (15360K)
 Metaspace       used 159419K, committed 160768K, reserved 1187840K
  class space    used 21150K, committed 21760K, reserved 1048576K
}
Event: 2124.101 GC heap after
{Heap after GC invocations=83 (full 0):
 garbage-first heap   total 337920K, used 194514K [0x0000000080000000, 0x0000000100000000)
  region size 1024K, 2 young (2048K), 2 survivors (2048K)
 Metaspace       used 159419K, committed 160768K, reserved 1187840K
  class space    used 21150K, committed 21760K, reserved 1048576K
}
Event: 2124.188 GC heap before
{Heap before GC invocations=83 (full 0):
 garbage-first heap   total 337920K, used 195538K [0x0000000080000000, 0x0000000100000000)
  region size 1024K, 4 young (4096K), 2 survivors (2048K)
 Metaspace       used 159723K, committed 161024K, reserved 1187840K
  class space    used 21188K, committed 21760K, reserved 1048576K
}
Event: 2124.243 GC heap after
{Heap after GC invocations=84 (full 0):
 garbage-first heap   total 337920K, used 193290K [0x0000000080000000, 0x0000000100000000)
  region size 1024K, 1 young (1024K), 1 survivors (1024K)
 Metaspace       used 159723K, committed 161024K, reserved 1187840K
  class space    used 21188K, committed 21760K, reserved 1048576K
}
Event: 2133.299 GC heap before
{Heap before GC invocations=85 (full 0):
 garbage-first heap   total 375808K, used 300810K [0x0000000080000000, 0x0000000100000000)
  region size 1024K, 84 young (86016K), 1 survivors (1024K)
 Metaspace       used 167016K, committed 168192K, reserved 1196032K
  class space    used 22012K, committed 22592K, reserved 1048576K
}
Event: 2133.333 GC heap after
{Heap after GC invocations=86 (full 0):
 garbage-first heap   total 375808K, used 225139K [0x0000000080000000, 0x0000000100000000)
  region size 1024K, 10 young (10240K), 10 survivors (10240K)
 Metaspace       used 167016K, committed 168192K, reserved 1196032K
  class space    used 22012K, committed 22592K, reserved 1048576K
}
Event: 2133.453 GC heap before
{Heap before GC invocations=86 (full 0):
 garbage-first heap   total 375808K, used 233331K [0x0000000080000000, 0x0000000100000000)
  region size 1024K, 18 young (18432K), 10 survivors (10240K)
 Metaspace       used 167020K, committed 168256K, reserved 1196032K
  class space    used 22012K, committed 22592K, reserved 1048576K
}
Event: 2133.541 GC heap after
{Heap after GC invocations=87 (full 0):
 garbage-first heap   total 375808K, used 206331K [0x0000000080000000, 0x0000000100000000)
  region size 1024K, 2 young (2048K), 2 survivors (2048K)
 Metaspace       used 167020K, committed 168256K, reserved 1196032K
  class space    used 22012K, committed 22592K, reserved 1048576K
}
Event: 2133.721 GC heap before
{Heap before GC invocations=87 (full 0):
 garbage-first heap   total 375808K, used 221691K [0x0000000080000000, 0x0000000100000000)
  region size 1024K, 18 young (18432K), 2 survivors (2048K)
 Metaspace       used 167052K, committed 168256K, reserved 1196032K
  class space    used 22016K, committed 22592K, reserved 1048576K
}

